2026-03-22 18:18:14,520 - INFO - my_app - Startup: DB and server up and running
2026-03-22 18:20:04,712 - INFO - my_app - Startup: DB and server up and running
2026-03-22 18:21:52,349 - INFO - my_app - Startup: DB and server up and running
2026-03-22 18:22:57,951 - INFO - my_app - Startup: DB and server up and running
2026-03-22 18:23:03,634 - INFO - my_app - Incoming Request: GET http://localhost:8000/docs
2026-03-22 18:23:03,637 - INFO - my_app - Outgoing Response: 200 GET http://localhost:8000/docs
2026-03-22 18:23:04,626 - INFO - my_app - Incoming Request: GET http://localhost:8000/openapi.json
2026-03-22 18:23:04,643 - INFO - my_app - Outgoing Response: 200 GET http://localhost:8000/openapi.json
2026-03-22 18:23:13,123 - INFO - my_app - Incoming Request: GET http://localhost:8000/api/
2026-03-22 18:23:13,126 - INFO - my_app - Outgoing Response: 401 GET http://localhost:8000/api/
2026-03-22 18:24:08,114 - INFO - my_app - Incoming Request: POST http://localhost:8000/api/auth/login
2026-03-22 18:24:08,312 - INFO - my_app - User Action: user e361e6a7-2d42-4e0a-b074-69463b243fbe logged in
2026-03-22 18:24:08,313 - INFO - my_app - Outgoing Response: 200 POST http://localhost:8000/api/auth/login
2026-03-22 18:24:31,213 - INFO - my_app - Incoming Request: GET http://localhost:8000/api/
2026-03-22 18:24:31,230 - INFO - my_app - Outgoing Response: 200 GET http://localhost:8000/api/
2026-03-22 18:24:53,008 - INFO - my_app - Incoming Request: DELETE http://localhost:8000/api/auth/logout
2026-03-22 18:24:53,011 - INFO - my_app - User Action: e361e6a7-2d42-4e0a-b074-69463b243fbe logged out
2026-03-22 18:24:53,012 - INFO - my_app - Outgoing Response: 200 DELETE http://localhost:8000/api/auth/logout
2026-03-22 18:25:04,896 - INFO - my_app - Incoming Request: POST http://localhost:8000/api/auth/refresh
2026-03-22 18:25:04,918 - INFO - my_app - Outgoing Response: 401 POST http://localhost:8000/api/auth/refresh
2026-03-22 18:25:14,217 - INFO - my_app - Incoming Request: GET http://localhost:8000/api/
2026-03-22 18:25:14,223 - INFO - my_app - Outgoing Response: 200 GET http://localhost:8000/api/
2026-03-22 18:29:08,746 - INFO - my_app - Startup: DB and server up and running
2026-03-22 18:29:47,949 - INFO - my_app - Startup: DB and server up and running
2026-03-22 18:29:51,237 - INFO - my_app - Incoming Request: GET http://localhost:8000/docs
2026-03-22 18:29:51,240 - INFO - my_app - Outgoing Response: 200 GET http://localhost:8000/docs
2026-03-22 18:29:51,837 - INFO - my_app - Incoming Request: GET http://localhost:8000/openapi.json
2026-03-22 18:29:51,854 - INFO - my_app - Outgoing Response: 200 GET http://localhost:8000/openapi.json
2026-03-22 18:31:12,973 - INFO - my_app - Startup: DB and server up and running
2026-03-22 18:32:08,950 - INFO - my_app - Incoming Request: POST http://localhost:8000/api/auth/signin
2026-03-22 18:32:09,192 - INFO - my_app - User Action: user 6d4f68f2-9da4-4377-9da9-f48a2cdd499f signed in
2026-03-22 18:32:09,193 - INFO - my_app - Outgoing Response: 200 POST http://localhost:8000/api/auth/signin
2026-03-22 18:32:34,315 - INFO - my_app - Incoming Request: GET http://localhost:8000/api/
2026-03-22 18:32:34,323 - INFO - my_app - User Action: 6d4f68f2-9da4-4377-9da9-f48a2cdd499f requested http://localhost:8000/api/, method GET
2026-03-22 18:32:34,345 - INFO - my_app - Outgoing Response: 200 GET http://localhost:8000/api/
2026-03-22 18:32:54,083 - INFO - my_app - Incoming Request: DELETE http://localhost:8000/api/auth/logout
2026-03-22 18:32:54,087 - INFO - my_app - User Action: 6d4f68f2-9da4-4377-9da9-f48a2cdd499f requested http://localhost:8000/api/auth/logout, method DELETE
2026-03-22 18:32:54,088 - INFO - my_app - User Action: 6d4f68f2-9da4-4377-9da9-f48a2cdd499f logged out
2026-03-22 18:32:54,089 - INFO - my_app - Outgoing Response: 200 DELETE http://localhost:8000/api/auth/logout
